nohup: ignoring input

> exact-backend@1.0.0 start
> node dist/main.js

[32m[Nest] 79582  - [39m08/21/2025, 9:23:01 PM [32m    LOG[39m [38;5;3m[NestFactory] [39m[32mStarting Nest application...[39m
[32m[Nest] 79582  - [39m08/21/2025, 9:23:01 PM [32m    LOG[39m [38;5;3m[EmailService] [39m[32mEmail service initialized successfully[39m
[32m[Nest] 79582  - [39m08/21/2025, 9:23:01 PM [32m    LOG[39m [38;5;3m[EmailService] [39m[32mEmail service initialized successfully[39m
[32m[Nest] 79582  - [39m08/21/2025, 9:23:01 PM [32m    LOG[39m [38;5;3m[EmailService] [39m[32mEmail service initialized successfully[39m
[32m[Nest] 79582  - [39m08/21/2025, 9:23:01 PM [32m    LOG[39m [38;5;3m[InstanceLoader] [39m[32mJwtModule dependencies initialized[39m[38;5;3m +5ms[39m
[32m[Nest] 79582  - [39m08/21/2025, 9:23:01 PM [32m    LOG[39m [38;5;3m[InstanceLoader] [39m[32mHealthModule dependencies initialized[39m[38;5;3m +0ms[39m
[32m[Nest] 79582  - [39m08/21/2025, 9:23:01 PM [32m    LOG[39m [38;5;3m[InstanceLoader] [39m[32mDocumentsModule dependencies initialized[39m[38;5;3m +0ms[39m
[32m[Nest] 79582  - [39m08/21/2025, 9:23:01 PM [32m    LOG[39m [38;5;3m[InstanceLoader] [39m[32mProductsModule dependencies initialized[39m[38;5;3m +1ms[39m
[32m[Nest] 79582  - [39m08/21/2025, 9:23:01 PM [32m    LOG[39m [38;5;3m[InstanceLoader] [39m[32mDiasporaModule dependencies initialized[39m[38;5;3m +0ms[39m
[32m[Nest] 79582  - [39m08/21/2025, 9:23:01 PM [32m    LOG[39m [38;5;3m[InstanceLoader] [39m[32mAppModule dependencies initialized[39m[38;5;3m +0ms[39m
[32m[Nest] 79582  - [39m08/21/2025, 9:23:01 PM [32m    LOG[39m [38;5;3m[InstanceLoader] [39m[32mConsultationsModule dependencies initialized[39m[38;5;3m +1ms[39m
[32m[Nest] 79582  - [39m08/21/2025, 9:23:01 PM [32m    LOG[39m [38;5;3m[InstanceLoader] [39m[32mUsersModule dependencies initialized[39m[38;5;3m +0ms[39m
[32m[Nest] 79582  - [39m08/21/2025, 9:23:01 PM [32m    LOG[39m [38;5;3m[InstanceLoader] [39m[32mDashboardModule dependencies initialized[39m[38;5;3m +0ms[39m
[32m[Nest] 79582  - [39m08/21/2025, 9:23:01 PM [32m    LOG[39m [38;5;3m[InstanceLoader] [39m[32mAdminModule dependencies initialized[39m[38;5;3m +0ms[39m
[32m[Nest] 79582  - [39m08/21/2025, 9:23:01 PM [32m    LOG[39m [38;5;3m[InstanceLoader] [39m[32mOutsourcingModule dependencies initialized[39m[38;5;3m +0ms[39m
[32m[Nest] 79582  - [39m08/21/2025, 9:23:01 PM [32m    LOG[39m [38;5;3m[InstanceLoader] [39m[32mPaymentModule dependencies initialized[39m[38;5;3m +0ms[39m
[32m[Nest] 79582  - [39m08/21/2025, 9:23:01 PM [32m    LOG[39m [38;5;3m[InstanceLoader] [39m[32mResourceModule dependencies initialized[39m[38;5;3m +0ms[39m
[32m[Nest] 79582  - [39m08/21/2025, 9:23:01 PM [32m    LOG[39m [38;5;3m[InstanceLoader] [39m[32mAuthModule dependencies initialized[39m[38;5;3m +0ms[39m
[32m[Nest] 79582  - [39m08/21/2025, 9:23:01 PM [32m    LOG[39m [38;5;3m[InstanceLoader] [39m[32mClaimsModule dependencies initialized[39m[38;5;3m +0ms[39m
[32m[Nest] 79582  - [39m08/21/2025, 9:23:01 PM [32m    LOG[39m [38;5;3m[InstanceLoader] [39m[32mQuotesModule dependencies initialized[39m[38;5;3m +0ms[39m
🚀 Server starting on port 3001
[32m[Nest] 79582  - [39m08/21/2025, 9:23:01 PM [32m    LOG[39m [38;5;3m[RoutesResolver] [39m[32mAuthController {/api/auth}:[39m[38;5;3m +76ms[39m
[32m[Nest] 79582  - [39m08/21/2025, 9:23:01 PM [32m    LOG[39m [38;5;3m[RouterExplorer] [39m[32mMapped {/api/auth/register, POST} route[39m[38;5;3m +3ms[39m
[32m[Nest] 79582  - [39m08/21/2025, 9:23:01 PM [32m    LOG[39m [38;5;3m[RouterExplorer] [39m[32mMapped {/api/auth/register-admin, POST} route[39m[38;5;3m +1ms[39m
[32m[Nest] 79582  - [39m08/21/2025, 9:23:01 PM [32m    LOG[39m [38;5;3m[RouterExplorer] [39m[32mMapped {/api/auth/login, POST} route[39m[38;5;3m +0ms[39m
[32m[Nest] 79582  - [39m08/21/2025, 9:23:01 PM [32m    LOG[39m [38;5;3m[RouterExplorer] [39m[32mMapped {/api/auth/logout, POST} route[39m[38;5;3m +0ms[39m
[32m[Nest] 79582  - [39m08/21/2025, 9:23:01 PM [32m    LOG[39m [38;5;3m[RouterExplorer] [39m[32mMapped {/api/auth/refresh, POST} route[39m[38;5;3m +1ms[39m
[32m[Nest] 79582  - [39m08/21/2025, 9:23:01 PM [32m    LOG[39m [38;5;3m[RouterExplorer] [39m[32mMapped {/api/auth/profile, GET} route[39m[38;5;3m +0ms[39m
[32m[Nest] 79582  - [39m08/21/2025, 9:23:01 PM [32m    LOG[39m [38;5;3m[RoutesResolver] [39m[32mUsersController {/api/users}:[39m[38;5;3m +0ms[39m
[32m[Nest] 79582  - [39m08/21/2025, 9:23:01 PM [32m    LOG[39m [38;5;3m[RouterExplorer] [39m[32mMapped {/api/users, GET} route[39m[38;5;3m +0ms[39m
[32m[Nest] 79582  - [39m08/21/2025, 9:23:01 PM [32m    LOG[39m [38;5;3m[RouterExplorer] [39m[32mMapped {/api/users/:id, GET} route[39m[38;5;3m +1ms[39m
[32m[Nest] 79582  - [39m08/21/2025, 9:23:01 PM [32m    LOG[39m [38;5;3m[RouterExplorer] [39m[32mMapped {/api/users, POST} route[39m[38;5;3m +0ms[39m
[32m[Nest] 79582  - [39m08/21/2025, 9:23:01 PM [32m    LOG[39m [38;5;3m[RouterExplorer] [39m[32mMapped {/api/users/:id, PUT} route[39m[38;5;3m +1ms[39m
[32m[Nest] 79582  - [39m08/21/2025, 9:23:01 PM [32m    LOG[39m [38;5;3m[RouterExplorer] [39m[32mMapped {/api/users/:id, DELETE} route[39m[38;5;3m +0ms[39m
[32m[Nest] 79582  - [39m08/21/2025, 9:23:01 PM [32m    LOG[39m [38;5;3m[RoutesResolver] [39m[32mProductsController {/api/products}:[39m[38;5;3m +0ms[39m
[32m[Nest] 79582  - [39m08/21/2025, 9:23:01 PM [32m    LOG[39m [38;5;3m[RouterExplorer] [39m[32mMapped {/api/products, GET} route[39m[38;5;3m +0ms[39m
[32m[Nest] 79582  - [39m08/21/2025, 9:23:01 PM [32m    LOG[39m [38;5;3m[RouterExplorer] [39m[32mMapped {/api/products/:id, GET} route[39m[38;5;3m +1ms[39m
[32m[Nest] 79582  - [39m08/21/2025, 9:23:01 PM [32m    LOG[39m [38;5;3m[RouterExplorer] [39m[32mMapped {/api/products, POST} route[39m[38;5;3m +0ms[39m
[32m[Nest] 79582  - [39m08/21/2025, 9:23:01 PM [32m    LOG[39m [38;5;3m[RouterExplorer] [39m[32mMapped {/api/products/:id, PUT} route[39m[38;5;3m +0ms[39m
[32m[Nest] 79582  - [39m08/21/2025, 9:23:01 PM [32m    LOG[39m [38;5;3m[RouterExplorer] [39m[32mMapped {/api/products/:id, DELETE} route[39m[38;5;3m +0ms[39m
[32m[Nest] 79582  - [39m08/21/2025, 9:23:01 PM [32m    LOG[39m [38;5;3m[RoutesResolver] [39m[32mClaimsController {/api/claims}:[39m[38;5;3m +0ms[39m
[32m[Nest] 79582  - [39m08/21/2025, 9:23:01 PM [32m    LOG[39m [38;5;3m[RouterExplorer] [39m[32mMapped {/api/claims, GET} route[39m[38;5;3m +1ms[39m
[32m[Nest] 79582  - [39m08/21/2025, 9:23:01 PM [32m    LOG[39m [38;5;3m[RouterExplorer] [39m[32mMapped {/api/claims/:id, GET} route[39m[38;5;3m +0ms[39m
[32m[Nest] 79582  - [39m08/21/2025, 9:23:01 PM [32m    LOG[39m [38;5;3m[RouterExplorer] [39m[32mMapped {/api/claims/:id/documents, GET} route[39m[38;5;3m +0ms[39m
[32m[Nest] 79582  - [39m08/21/2025, 9:23:01 PM [32m    LOG[39m [38;5;3m[RouterExplorer] [39m[32mMapped {/api/claims, POST} route[39m[38;5;3m +2ms[39m
[32m[Nest] 79582  - [39m08/21/2025, 9:23:01 PM [32m    LOG[39m [38;5;3m[RouterExplorer] [39m[32mMapped {/api/claims/:id, PUT} route[39m[38;5;3m +0ms[39m
[32m[Nest] 79582  - [39m08/21/2025, 9:23:01 PM [32m    LOG[39m [38;5;3m[RouterExplorer] [39m[32mMapped {/api/claims/:id/status, PATCH} route[39m[38;5;3m +1ms[39m
[32m[Nest] 79582  - [39m08/21/2025, 9:23:01 PM [32m    LOG[39m [38;5;3m[RouterExplorer] [39m[32mMapped {/api/claims/:id, DELETE} route[39m[38;5;3m +1ms[39m
[32m[Nest] 79582  - [39m08/21/2025, 9:23:01 PM [32m    LOG[39m [38;5;3m[RoutesResolver] [39m[32mQuotesController {/api/quotes}:[39m[38;5;3m +0ms[39m
[32m[Nest] 79582  - [39m08/21/2025, 9:23:01 PM [32m    LOG[39m [38;5;3m[RouterExplorer] [39m[32mMapped {/api/quotes, GET} route[39m[38;5;3m +0ms[39m
[32m[Nest] 79582  - [39m08/21/2025, 9:23:01 PM [32m    LOG[39m [38;5;3m[RouterExplorer] [39m[32mMapped {/api/quotes/:id, GET} route[39m[38;5;3m +0ms[39m
[32m[Nest] 79582  - [39m08/21/2025, 9:23:01 PM [32m    LOG[39m [38;5;3m[RouterExplorer] [39m[32mMapped {/api/quotes, POST} route[39m[38;5;3m +1ms[39m
[32m[Nest] 79582  - [39m08/21/2025, 9:23:01 PM [32m    LOG[39m [38;5;3m[RouterExplorer] [39m[32mMapped {/api/quotes/:id, PUT} route[39m[38;5;3m +0ms[39m
[32m[Nest] 79582  - [39m08/21/2025, 9:23:01 PM [32m    LOG[39m [38;5;3m[RouterExplorer] [39m[32mMapped {/api/quotes/:id, DELETE} route[39m[38;5;3m +0ms[39m
[32m[Nest] 79582  - [39m08/21/2025, 9:23:01 PM [32m    LOG[39m [38;5;3m[RoutesResolver] [39m[32mConsultationsController {/api/consultations}:[39m[38;5;3m +0ms[39m
[32m[Nest] 79582  - [39m08/21/2025, 9:23:01 PM [32m    LOG[39m [38;5;3m[RouterExplorer] [39m[32mMapped {/api/consultations, GET} route[39m[38;5;3m +0ms[39m
[32m[Nest] 79582  - [39m08/21/2025, 9:23:01 PM [32m    LOG[39m [38;5;3m[RouterExplorer] [39m[32mMapped {/api/consultations/:id, GET} route[39m[38;5;3m +0ms[39m
[32m[Nest] 79582  - [39m08/21/2025, 9:23:01 PM [32m    LOG[39m [38;5;3m[RouterExplorer] [39m[32mMapped {/api/consultations, POST} route[39m[38;5;3m +1ms[39m
[32m[Nest] 79582  - [39m08/21/2025, 9:23:01 PM [32m    LOG[39m [38;5;3m[RouterExplorer] [39m[32mMapped {/api/consultations/:id, PUT} route[39m[38;5;3m +0ms[39m
[32m[Nest] 79582  - [39m08/21/2025, 9:23:01 PM [32m    LOG[39m [38;5;3m[RouterExplorer] [39m[32mMapped {/api/consultations/:id, DELETE} route[39m[38;5;3m +0ms[39m
[32m[Nest] 79582  - [39m08/21/2025, 9:23:01 PM [32m    LOG[39m [38;5;3m[RoutesResolver] [39m[32mDiasporaController {/api/diaspora}:[39m[38;5;3m +0ms[39m
[32m[Nest] 79582  - [39m08/21/2025, 9:23:01 PM [32m    LOG[39m [38;5;3m[RouterExplorer] [39m[32mMapped {/api/diaspora, GET} route[39m[38;5;3m +0ms[39m
[32m[Nest] 79582  - [39m08/21/2025, 9:23:01 PM [32m    LOG[39m [38;5;3m[RouterExplorer] [39m[32mMapped {/api/diaspora/:id, GET} route[39m[38;5;3m +1ms[39m
[32m[Nest] 79582  - [39m08/21/2025, 9:23:01 PM [32m    LOG[39m [38;5;3m[RouterExplorer] [39m[32mMapped {/api/diaspora, POST} route[39m[38;5;3m +0ms[39m
[32m[Nest] 79582  - [39m08/21/2025, 9:23:01 PM [32m    LOG[39m [38;5;3m[RouterExplorer] [39m[32mMapped {/api/diaspora/:id, PUT} route[39m[38;5;3m +0ms[39m
[32m[Nest] 79582  - [39m08/21/2025, 9:23:01 PM [32m    LOG[39m [38;5;3m[RouterExplorer] [39m[32mMapped {/api/diaspora/:id, DELETE} route[39m[38;5;3m +0ms[39m
[32m[Nest] 79582  - [39m08/21/2025, 9:23:01 PM [32m    LOG[39m [38;5;3m[RoutesResolver] [39m[32mHealthController {/api/health}:[39m[38;5;3m +0ms[39m
[32m[Nest] 79582  - [39m08/21/2025, 9:23:01 PM [32m    LOG[39m [38;5;3m[RouterExplorer] [39m[32mMapped {/api/health, GET} route[39m[38;5;3m +0ms[39m
[32m[Nest] 79582  - [39m08/21/2025, 9:23:01 PM [32m    LOG[39m [38;5;3m[RoutesResolver] [39m[32mDashboardController {/api/dashboard}:[39m[38;5;3m +0ms[39m
[32m[Nest] 79582  - [39m08/21/2025, 9:23:01 PM [32m    LOG[39m [38;5;3m[RouterExplorer] [39m[32mMapped {/api/dashboard/admin/metrics, GET} route[39m[38;5;3m +1ms[39m
[32m[Nest] 79582  - [39m08/21/2025, 9:23:01 PM [32m    LOG[39m [38;5;3m[RouterExplorer] [39m[32mMapped {/api/dashboard/stats, GET} route[39m[38;5;3m +0ms[39m
[32m[Nest] 79582  - [39m08/21/2025, 9:23:01 PM [32m    LOG[39m [38;5;3m[RouterExplorer] [39m[32mMapped {/api/dashboard/activities, GET} route[39m[38;5;3m +0ms[39m
[32m[Nest] 79582  - [39m08/21/2025, 9:23:01 PM [32m    LOG[39m [38;5;3m[RouterExplorer] [39m[32mMapped {/api/dashboard/export-pdf, GET} route[39m[38;5;3m +0ms[39m
[32m[Nest] 79582  - [39m08/21/2025, 9:23:01 PM [32m    LOG[39m [38;5;3m[RouterExplorer] [39m[32mMapped {/api/dashboard/top-stats, GET} route[39m[38;5;3m +0ms[39m
[32m[Nest] 79582  - [39m08/21/2025, 9:23:01 PM [32m    LOG[39m [38;5;3m[RoutesResolver] [39m[32mDocumentsController {/api/documents}:[39m[38;5;3m +0ms[39m
[32m[Nest] 79582  - [39m08/21/2025, 9:23:01 PM [32m    LOG[39m [38;5;3m[RouterExplorer] [39m[32mMapped {/api/documents/claims/:filename, GET} route[39m[38;5;3m +0ms[39m
[32m[Nest] 79582  - [39m08/21/2025, 9:23:01 PM [32m    LOG[39m [38;5;3m[RouterExplorer] [39m[32mMapped {/api/documents/quotes/:filename, GET} route[39m[38;5;3m +1ms[39m
[32m[Nest] 79582  - [39m08/21/2025, 9:23:01 PM [32m    LOG[39m [38;5;3m[RouterExplorer] [39m[32mMapped {/api/documents/view/:id, GET} route[39m[38;5;3m +0ms[39m
[32m[Nest] 79582  - [39m08/21/2025, 9:23:01 PM [32m    LOG[39m [38;5;3m[RoutesResolver] [39m[32mAdminController {/api/admin}:[39m[38;5;3m +0ms[39m
[32m[Nest] 79582  - [39m08/21/2025, 9:23:01 PM [32m    LOG[39m [38;5;3m[RouterExplorer] [39m[32mMapped {/api/admin/health, GET} route[39m[38;5;3m +0ms[39m
[32m[Nest] 79582  - [39m08/21/2025, 9:23:01 PM [32m    LOG[39m [38;5;3m[RouterExplorer] [39m[32mMapped {/api/admin/metrics, GET} route[39m[38;5;3m +0ms[39m
[32m[Nest] 79582  - [39m08/21/2025, 9:23:01 PM [32m    LOG[39m [38;5;3m[RouterExplorer] [39m[32mMapped {/api/admin/notifications, GET} route[39m[38;5;3m +0ms[39m
[32m[Nest] 79582  - [39m08/21/2025, 9:23:01 PM [32m    LOG[39m [38;5;3m[RouterExplorer] [39m[32mMapped {/api/admin/notifications, POST} route[39m[38;5;3m +0ms[39m
[32m[Nest] 79582  - [39m08/21/2025, 9:23:01 PM [32m    LOG[39m [38;5;3m[RouterExplorer] [39m[32mMapped {/api/admin/notifications/:id/read, PUT} route[39m[38;5;3m +0ms[39m
[32m[Nest] 79582  - [39m08/21/2025, 9:23:01 PM [32m    LOG[39m [38;5;3m[RouterExplorer] [39m[32mMapped {/api/admin/notifications/:id, DELETE} route[39m[38;5;3m +1ms[39m
[32m[Nest] 79582  - [39m08/21/2025, 9:23:01 PM [32m    LOG[39m [38;5;3m[RouterExplorer] [39m[32mMapped {/api/admin/settings, GET} route[39m[38;5;3m +0ms[39m
[32m[Nest] 79582  - [39m08/21/2025, 9:23:01 PM [32m    LOG[39m [38;5;3m[RouterExplorer] [39m[32mMapped {/api/admin/settings, PUT} route[39m[38;5;3m +0ms[39m
[32m[Nest] 79582  - [39m08/21/2025, 9:23:01 PM [32m    LOG[39m [38;5;3m[RouterExplorer] [39m[32mMapped {/api/admin/content/stats, GET} route[39m[38;5;3m +0ms[39m
[32m[Nest] 79582  - [39m08/21/2025, 9:23:01 PM [32m    LOG[39m [38;5;3m[RouterExplorer] [39m[32mMapped {/api/admin/reports, GET} route[39m[38;5;3m +0ms[39m
[32m[Nest] 79582  - [39m08/21/2025, 9:23:01 PM [32m    LOG[39m [38;5;3m[RouterExplorer] [39m[32mMapped {/api/admin/export/:dataType, GET} route[39m[38;5;3m +0ms[39m
[32m[Nest] 79582  - [39m08/21/2025, 9:23:01 PM [32m    LOG[39m [38;5;3m[RouterExplorer] [39m[32mMapped {/api/admin/users/stats, GET} route[39m[38;5;3m +0ms[39m
[32m[Nest] 79582  - [39m08/21/2025, 9:23:01 PM [32m    LOG[39m [38;5;3m[RouterExplorer] [39m[32mMapped {/api/admin/users/:id/status, PUT} route[39m[38;5;3m +1ms[39m
[32m[Nest] 79582  - [39m08/21/2025, 9:23:01 PM [32m    LOG[39m [38;5;3m[RouterExplorer] [39m[32mMapped {/api/admin/claims/stats, GET} route[39m[38;5;3m +0ms[39m
[32m[Nest] 79582  - [39m08/21/2025, 9:23:01 PM [32m    LOG[39m [38;5;3m[RouterExplorer] [39m[32mMapped {/api/admin/claims/:id/status, PUT} route[39m[38;5;3m +0ms[39m
[32m[Nest] 79582  - [39m08/21/2025, 9:23:01 PM [32m    LOG[39m [38;5;3m[RoutesResolver] [39m[32mOutsourcingController {/api/outsourcing}:[39m[38;5;3m +0ms[39m
[32m[Nest] 79582  - [39m08/21/2025, 9:23:01 PM [32m    LOG[39m [38;5;3m[RouterExplorer] [39m[32mMapped {/api/outsourcing, GET} route[39m[38;5;3m +0ms[39m
[32m[Nest] 79582  - [39m08/21/2025, 9:23:01 PM [32m    LOG[39m [38;5;3m[RouterExplorer] [39m[32mMapped {/api/outsourcing/:id, GET} route[39m[38;5;3m +1ms[39m
[32m[Nest] 79582  - [39m08/21/2025, 9:23:01 PM [32m    LOG[39m [38;5;3m[RouterExplorer] [39m[32mMapped {/api/outsourcing, POST} route[39m[38;5;3m +0ms[39m
[32m[Nest] 79582  - [39m08/21/2025, 9:23:01 PM [32m    LOG[39m [38;5;3m[RouterExplorer] [39m[32mMapped {/api/outsourcing/:id, PUT} route[39m[38;5;3m +0ms[39m
[32m[Nest] 79582  - [39m08/21/2025, 9:23:01 PM [32m    LOG[39m [38;5;3m[RouterExplorer] [39m[32mMapped {/api/outsourcing/:id, DELETE} route[39m[38;5;3m +0ms[39m
[32m[Nest] 79582  - [39m08/21/2025, 9:23:01 PM [32m    LOG[39m [38;5;3m[RouterExplorer] [39m[32mMapped {/api/outsourcing/:id/status, PUT} route[39m[38;5;3m +0ms[39m
[32m[Nest] 79582  - [39m08/21/2025, 9:23:01 PM [32m    LOG[39m [38;5;3m[RoutesResolver] [39m[32mPaymentController {/api/payments}:[39m[38;5;3m +0ms[39m
[32m[Nest] 79582  - [39m08/21/2025, 9:23:01 PM [32m    LOG[39m [38;5;3m[RouterExplorer] [39m[32mMapped {/api/payments, GET} route[39m[38;5;3m +1ms[39m
[32m[Nest] 79582  - [39m08/21/2025, 9:23:01 PM [32m    LOG[39m [38;5;3m[RouterExplorer] [39m[32mMapped {/api/payments/:id, GET} route[39m[38;5;3m +0ms[39m
[32m[Nest] 79582  - [39m08/21/2025, 9:23:01 PM [32m    LOG[39m [38;5;3m[RouterExplorer] [39m[32mMapped {/api/payments, POST} route[39m[38;5;3m +0ms[39m
[32m[Nest] 79582  - [39m08/21/2025, 9:23:01 PM [32m    LOG[39m [38;5;3m[RouterExplorer] [39m[32mMapped {/api/payments/process/:id, POST} route[39m[38;5;3m +0ms[39m
[32m[Nest] 79582  - [39m08/21/2025, 9:23:01 PM [32m    LOG[39m [38;5;3m[RouterExplorer] [39m[32mMapped {/api/payments/callback/mpesa, POST} route[39m[38;5;3m +0ms[39m
[32m[Nest] 79582  - [39m08/21/2025, 9:23:01 PM [32m    LOG[39m [38;5;3m[RouterExplorer] [39m[32mMapped {/api/payments/callback/paypal, POST} route[39m[38;5;3m +0ms[39m
[32m[Nest] 79582  - [39m08/21/2025, 9:23:01 PM [32m    LOG[39m [38;5;3m[RouterExplorer] [39m[32mMapped {/api/payments/callback/card, POST} route[39m[38;5;3m +0ms[39m
[32m[Nest] 79582  - [39m08/21/2025, 9:23:01 PM [32m    LOG[39m [38;5;3m[RouterExplorer] [39m[32mMapped {/api/payments/:id/status, GET} route[39m[38;5;3m +1ms[39m
[32m[Nest] 79582  - [39m08/21/2025, 9:23:01 PM [32m    LOG[39m [38;5;3m[RoutesResolver] [39m[32mResourceController {/api/resources}:[39m[38;5;3m +0ms[39m
[32m[Nest] 79582  - [39m08/21/2025, 9:23:01 PM [32m    LOG[39m [38;5;3m[RouterExplorer] [39m[32mMapped {/api/resources, GET} route[39m[38;5;3m +0ms[39m
[32m[Nest] 79582  - [39m08/21/2025, 9:23:01 PM [32m    LOG[39m [38;5;3m[RouterExplorer] [39m[32mMapped {/api/resources/public, GET} route[39m[38;5;3m +0ms[39m
[32m[Nest] 79582  - [39m08/21/2025, 9:23:01 PM [32m    LOG[39m [38;5;3m[RouterExplorer] [39m[32mMapped {/api/resources/:id, GET} route[39m[38;5;3m +0ms[39m
[32m[Nest] 79582  - [39m08/21/2025, 9:23:01 PM [32m    LOG[39m [38;5;3m[RouterExplorer] [39m[32mMapped {/api/resources/download/:id, GET} route[39m[38;5;3m +0ms[39m
[32m[Nest] 79582  - [39m08/21/2025, 9:23:01 PM [32m    LOG[39m [38;5;3m[RouterExplorer] [39m[32mMapped {/api/resources/serve/:filename, GET} route[39m[38;5;3m +1ms[39m
[32m[Nest] 79582  - [39m08/21/2025, 9:23:01 PM [32m    LOG[39m [38;5;3m[RouterExplorer] [39m[32mMapped {/api/resources, POST} route[39m[38;5;3m +0ms[39m
[32m[Nest] 79582  - [39m08/21/2025, 9:23:01 PM [32m    LOG[39m [38;5;3m[RouterExplorer] [39m[32mMapped {/api/resources/:id, PUT} route[39m[38;5;3m +0ms[39m
[32m[Nest] 79582  - [39m08/21/2025, 9:23:01 PM [32m    LOG[39m [38;5;3m[RouterExplorer] [39m[32mMapped {/api/resources/:id, DELETE} route[39m[38;5;3m +0ms[39m
❌ Failed to start server: PrismaClientInitializationError: Can't reach database server at `ep-wild-mud-aebwm3nb.c-2.us-east-2.aws.neon.tech:5432`

Please make sure your database server is running at `ep-wild-mud-aebwm3nb.c-2.us-east-2.aws.neon.tech:5432`.
    at r (/home/crash/Desktop/npm/backend/node_modules/@prisma/client/runtime/library.js:112:2770)
    at async Proxy.onModuleInit (/home/crash/Desktop/npm/backend/dist/prisma/prisma.service.js:14:9)
    at async Promise.all (index 0)
    at async callModuleInitHook (/home/crash/Desktop/npm/backend/node_modules/@nestjs/core/hooks/on-module-init.hook.js:43:5)
    at async NestApplication.callInitHook (/home/crash/Desktop/npm/backend/node_modules/@nestjs/core/nest-application-context.js:234:13)
    at async NestApplication.init (/home/crash/Desktop/npm/backend/node_modules/@nestjs/core/nest-application.js:100:9)
    at async NestApplication.listen (/home/crash/Desktop/npm/backend/node_modules/@nestjs/core/nest-application.js:170:13)
    at async bootstrap (/home/crash/Desktop/npm/backend/dist/main.js:51:9) {
  clientVersion: '6.14.0',
  errorCode: 'P1001',
  retryable: undefined
}
